#! /usr/share/iverilog-0.9.7/bin/vvp
:ivl_version "0.9.7 " "(v0_9_6)";
:vpi_time_precision + 0;
:vpi_module "system";
:vpi_module "v2005_math";
:vpi_module "va_math";
S_0x1c215d0 .scope module, "TOP" "TOP" 2 52;
 .timescale 0 0;
v0x1c48f40_0 .net "CMD_Out", 7 0, v0x1c0a1b0_0; 1 drivers
v0x1c49010_0 .net "IF_Out", 6 0, C4<zzzzzzz>; 0 drivers
RS_0x7ff2eb767708 .resolv tri, v0x1c486f0_0, L_0x1c4ab60, C4<z>, C4<z>;
v0x1c49090_0 .net8 "OE1", 0 0, RS_0x7ff2eb767708; 2 drivers
RS_0x7ff2eb767738 .resolv tri, v0x1c487b0_0, L_0x1c4ac00, C4<z>, C4<z>;
v0x1c49140_0 .net8 "OE2", 0 0, RS_0x7ff2eb767738; 2 drivers
RS_0x7ff2eb767558 .resolv tri, v0x1c48850_0, L_0x1c4a870, C4<z>, C4<z>;
v0x1c49220_0 .net8 "PL1", 0 0, RS_0x7ff2eb767558; 2 drivers
RS_0x7ff2eb7674c8 .resolv tri, v0x1c48920_0, L_0x1c4a9a0, C4<z>, C4<z>;
v0x1c492a0_0 .net8 "PL2", 0 0, RS_0x7ff2eb7674c8; 2 drivers
RS_0x7ff2eb767798 .resolv tri, v0x1c48a70_0, L_0x1c4a730, C4<z>, C4<z>;
v0x1c49320_0 .net8 "RDYP", 0 0, RS_0x7ff2eb767798; 2 drivers
v0x1c493a0_0 .net "RD_b", 0 0, C4<z>; 0 drivers
v0x1c49450_0 .net "SETRDYP", 0 0, v0x1c44da0_0; 1 drivers
RS_0x7ff2eb767078 .resolv tri, v0x1c48bd0_0, L_0x1c4a690, C4<z>, C4<z>;
v0x1c49520_0 .net8 "START", 0 0, RS_0x7ff2eb767078; 2 drivers
v0x1c495a0_0 .net "STATUS_Out", 4 0, C4<zzzzz>; 0 drivers
v0x1c49670_0 .net "WR_b", 0 0, C4<z>; 0 drivers
v0x1c49760_0 .net "clk", 0 0, C4<z>; 0 drivers
v0x1c497e0_0 .net "dataOut", 15 0, L_0x1c4b6a0; 1 drivers
v0x1c498e0_0 .net "inc", 0 0, C4<z>; 0 drivers
v0x1c499b0_0 .net "inx", 7 0, C4<zzzzzzzz>; 0 drivers
v0x1c49860_0 .net "iny", 7 0, C4<zzzzzzzz>; 0 drivers
v0x1c49b60_0 .net "plReg", 0 0, C4<z>; 0 drivers
v0x1c49c80_0 .net "reset", 0 0, C4<z>; 0 drivers
v0x1c49d00_0 .net "sel", 0 0, C4<z>; 0 drivers
v0x1c49e30_0 .net "shlX", 0 0, C4<z>; 0 drivers
v0x1c49eb0_0 .net "shlY", 0 0, C4<z>; 0 drivers
L_0x1c4a690 .part C4<zzzzzzz>, 0, 1;
L_0x1c4a730 .part C4<zzzzzzz>, 1, 1;
L_0x1c4a870 .part C4<zzzzzzz>, 3, 1;
L_0x1c4a9a0 .part C4<zzzzzzz>, 4, 1;
L_0x1c4ab60 .part C4<zzzzzzz>, 5, 1;
L_0x1c4ac00 .part C4<zzzzzzz>, 6, 1;
S_0x1c48110 .scope module, "FSM_IF_inst" "FSM_IF" 2 72, 3 2, S_0x1c215d0;
 .timescale 0 0;
P_0x1c48208 .param/l "S0" 3 11, C4<0000>;
P_0x1c48230 .param/l "S1" 3 12, C4<0001>;
P_0x1c48258 .param/l "S10" 3 21, C4<1010>;
P_0x1c48280 .param/l "S2" 3 13, C4<0010>;
P_0x1c482a8 .param/l "S3" 3 14, C4<0011>;
P_0x1c482d0 .param/l "S4" 3 15, C4<0100>;
P_0x1c482f8 .param/l "S5" 3 16, C4<0101>;
P_0x1c48320 .param/l "S6" 3 17, C4<0110>;
P_0x1c48348 .param/l "S7" 3 18, C4<0111>;
P_0x1c48370 .param/l "S8" 3 19, C4<1000>;
P_0x1c48398 .param/l "S9" 3 20, C4<1001>;
v0x1c486f0_0 .var "OEH", 0 0;
v0x1c487b0_0 .var "OEL", 0 0;
v0x1c48850_0 .var "PLx", 0 0;
v0x1c48920_0 .var "PLy", 0 0;
v0x1c489f0_0 .alias "RD", 0 0, v0x1c493a0_0;
v0x1c48a70_0 .var "RDYP", 0 0;
v0x1c48b50_0 .alias "SETRDYP", 0 0, v0x1c49450_0;
v0x1c48bd0_0 .var "START", 0 0;
v0x1c48ca0_0 .alias "WR", 0 0, v0x1c49670_0;
v0x1c48d20_0 .alias "clk", 0 0, v0x1c49760_0;
v0x1c48da0_0 .var "cs", 3 0;
v0x1c48e20_0 .var "ns", 3 0;
v0x1c48ec0_0 .alias "reset", 0 0, v0x1c49c80_0;
E_0x1c46570 .event edge, v0x1c48da0_0;
E_0x1c461e0 .event edge, v0x1c44da0_0, v0x1c489f0_0, v0x1c48ca0_0, v0x1c48da0_0;
E_0x1c486a0 .event posedge, v0x1c45ab0_0, v0x1c44f90_0;
S_0x1c451b0 .scope module, "EEA_inst" "EEA" 2 73, 4 8, S_0x1c215d0;
 .timescale 0 0;
v0x1c46f40_0 .alias "Status", 4 0, v0x1c495a0_0;
v0x1c46fe0_0 .net *"_s0", 15 0, L_0x1c4b1f0; 1 drivers
v0x1c47060_0 .net *"_s3", 7 0, C4<00000000>; 1 drivers
v0x1c470e0_0 .net *"_s4", 15 0, L_0x1c4b320; 1 drivers
v0x1c47160_0 .net *"_s7", 7 0, C4<00000000>; 1 drivers
v0x1c47200_0 .net "a", 7 0, C4<01000100>; 1 drivers
v0x1c472e0_0 .net "b", 7 0, C4<10000000>; 1 drivers
v0x1c47380_0 .alias "clk", 0 0, v0x1c49760_0;
v0x1c47450_0 .net "dorez", 15 0, v0x1c45d80_0; 1 drivers
v0x1c47520_0 .alias "incxy", 0 0, v0x1c498e0_0;
v0x1c47600_0 .alias "inx", 7 0, v0x1c499b0_0;
v0x1c47680_0 .alias "iny", 7 0, v0x1c49860_0;
v0x1c477a0_0 .net "outx", 15 0, v0x1c46d00_0; 1 drivers
v0x1c47820_0 .net "outy", 15 0, v0x1c46790_0; 1 drivers
v0x1c47970_0 .alias "plrez", 0 0, v0x1c49b60_0;
v0x1c479f0_0 .alias "plx", 0 0, v0x1c49220_0;
v0x1c478a0_0 .alias "ply", 0 0, v0x1c492a0_0;
v0x1c47b30_0 .alias "reset", 0 0, v0x1c49c80_0;
v0x1c47c50_0 .alias "result", 15 0, v0x1c497e0_0;
v0x1c47cd0_0 .alias "sel", 0 0, v0x1c49d00_0;
v0x1c47e00_0 .alias "shiftx", 0 0, v0x1c49e30_0;
v0x1c47e80_0 .alias "shifty", 0 0, v0x1c49eb0_0;
v0x1c47d50_0 .net "sum", 15 0, L_0x1c4ad60; 1 drivers
v0x1c47fc0_0 .net "z", 15 0, L_0x1c4aca0; 1 drivers
L_0x1c4b1f0 .concat [ 8 8 0 0], C4<01000100>, C4<00000000>;
L_0x1c4b320 .concat [ 8 8 0 0], C4<10000000>, C4<00000000>;
L_0x1c4b6a0 .arith/sum 16, v0x1c45d80_0, L_0x1c4b4e0;
S_0x1c46a40 .scope module, "RSHLX_inst" "RSHLX" 4 21, 5 2, S_0x1c451b0;
 .timescale 0 0;
v0x1c46b30_0 .alias "clk", 0 0, v0x1c49760_0;
v0x1c46c60_0 .alias "inx", 7 0, v0x1c499b0_0;
v0x1c46d00_0 .var "outx", 15 0;
v0x1c46d80_0 .alias "plx", 0 0, v0x1c49220_0;
v0x1c46e00_0 .alias "reset", 0 0, v0x1c49c80_0;
v0x1c46e80_0 .alias "shiftx", 0 0, v0x1c49e30_0;
S_0x1c465a0 .scope module, "RSHLY_inst" "RSHLY" 4 22, 6 2, S_0x1c451b0;
 .timescale 0 0;
v0x1c46690_0 .alias "clk", 0 0, v0x1c49760_0;
v0x1c46710_0 .alias "iny", 7 0, v0x1c49860_0;
v0x1c46790_0 .var "outy", 15 0;
v0x1c46840_0 .alias "ply", 0 0, v0x1c492a0_0;
v0x1c468f0_0 .alias "reset", 0 0, v0x1c49c80_0;
v0x1c469c0_0 .alias "shifty", 0 0, v0x1c49eb0_0;
S_0x1c46210 .scope module, "MUX2_1_inst" "MUX2_1" 4 24, 7 2, S_0x1c451b0;
 .timescale 0 0;
v0x1c46300_0 .alias "a", 15 0, v0x1c477a0_0;
v0x1c46380_0 .alias "b", 15 0, v0x1c47820_0;
v0x1c46420_0 .alias "sel", 0 0, v0x1c49d00_0;
v0x1c464c0_0 .alias "z", 15 0, v0x1c47fc0_0;
L_0x1c4aca0 .functor MUXZ 16, v0x1c46d00_0, v0x1c46790_0, C4<z>, C4<>;
S_0x1c45f20 .scope module, "SUM_inst" "SUM" 4 25, 8 2, S_0x1c451b0;
 .timescale 0 0;
v0x1c46010_0 .alias "a", 15 0, v0x1c47fc0_0;
v0x1c460b0_0 .alias "b", 15 0, v0x1c47450_0;
v0x1c46160_0 .alias "sum", 15 0, v0x1c47d50_0;
L_0x1c4ad60 .arith/sum 16, L_0x1c4aca0, v0x1c45d80_0;
S_0x1c45b50 .scope module, "REGREZ_inst" "REGREZ" 4 26, 9 2, S_0x1c451b0;
 .timescale 0 0;
v0x1c45c40_0 .alias "clk", 0 0, v0x1c49760_0;
v0x1c45ce0_0 .alias "direz", 15 0, v0x1c47d50_0;
v0x1c45d80_0 .var "dorez", 15 0;
v0x1c45e20_0 .alias "plrez", 0 0, v0x1c49b60_0;
v0x1c45ea0_0 .alias "reset", 0 0, v0x1c49c80_0;
S_0x1c452a0 .scope module, "COUNTERXY_inst" "COUNTERXY" 4 28, 10 2, S_0x1c451b0;
 .timescale 0 0;
v0x1c45390_0 .net *"_s0", 2 0, C4<010>; 1 drivers
v0x1c45450_0 .net *"_s14", 15 0, L_0x1c4b4e0; 1 drivers
v0x1c454f0_0 .net *"_s4", 2 0, C4<110>; 1 drivers
v0x1c45590_0 .net *"_s8", 2 0, C4<111>; 1 drivers
v0x1c45610_0 .alias "clk", 0 0, v0x1c49760_0;
v0x1c456c0_0 .net "cnt_2", 0 0, L_0x1c4aef0; 1 drivers
v0x1c45780_0 .net "cnt_6", 0 0, L_0x1c4afd0; 1 drivers
v0x1c45820_0 .net "cnt_7", 0 0, L_0x1c4b100; 1 drivers
v0x1c45910_0 .var "cnt_int", 2 0;
v0x1c459b0_0 .alias "incxy", 0 0, v0x1c498e0_0;
v0x1c45ab0_0 .alias "reset", 0 0, v0x1c49c80_0;
L_0x1c4aef0 .cmp/eq 3, v0x1c45910_0, C4<010>;
L_0x1c4afd0 .cmp/eq 3, v0x1c45910_0, C4<110>;
L_0x1c4b100 .cmp/eq 3, v0x1c45910_0, C4<111>;
L_0x1c4b4e0 .functor MUXZ 16, L_0x1c4b320, L_0x1c4b1f0, L_0x1c4afd0, C4<>;
S_0x1bed660 .scope module, "SECV_inst" "SECV" 2 74, 11 2, S_0x1c215d0;
 .timescale 0 0;
P_0x1c29e08 .param/l "S0" 11 12, C4<00000>;
P_0x1c29e30 .param/l "S1" 11 13, C4<00001>;
P_0x1c29e58 .param/l "S10" 11 22, C4<01010>;
P_0x1c29e80 .param/l "S11" 11 23, C4<01011>;
P_0x1c29ea8 .param/l "S12" 11 24, C4<01100>;
P_0x1c29ed0 .param/l "S13" 11 25, C4<01101>;
P_0x1c29ef8 .param/l "S14" 11 26, C4<01110>;
P_0x1c29f20 .param/l "S15" 11 27, C4<01111>;
P_0x1c29f48 .param/l "S16" 11 28, C4<10000>;
P_0x1c29f70 .param/l "S17" 11 29, C4<10001>;
P_0x1c29f98 .param/l "S18" 11 30, C4<10010>;
P_0x1c29fc0 .param/l "S19" 11 31, C4<10011>;
P_0x1c29fe8 .param/l "S2" 11 14, C4<00010>;
P_0x1c2a010 .param/l "S20" 11 32, C4<10100>;
P_0x1c2a038 .param/l "S21" 11 33, C4<10101>;
P_0x1c2a060 .param/l "S22" 11 34, C4<10110>;
P_0x1c2a088 .param/l "S23" 11 35, C4<10111>;
P_0x1c2a0b0 .param/l "S24" 11 36, C4<11000>;
P_0x1c2a0d8 .param/l "S3" 11 15, C4<00011>;
P_0x1c2a100 .param/l "S4" 11 16, C4<00100>;
P_0x1c2a128 .param/l "S5" 11 17, C4<00101>;
P_0x1c2a150 .param/l "S6" 11 18, C4<00110>;
P_0x1c2a178 .param/l "S7" 11 19, C4<00111>;
P_0x1c2a1a0 .param/l "S8" 11 20, C4<01000>;
P_0x1c2a1c8 .param/l "S9" 11 21, C4<01001>;
v0x1c0a1b0_0 .var "CMD", 7 0;
v0x1c44da0_0 .var "SETRDYP", 0 0;
v0x1c44e40_0 .alias "START", 0 0, v0x1c49520_0;
v0x1c44ee0_0 .alias "STATUS", 4 0, v0x1c495a0_0;
v0x1c44f90_0 .alias "clk", 0 0, v0x1c49760_0;
v0x1c45030_0 .var "cs", 4 0;
v0x1c45110_0 .var "ns", 4 0;
E_0x1bf3370 .event edge, v0x1c45030_0;
E_0x1bf3c50 .event edge, v0x1c44ee0_0, v0x1c44e40_0, v0x1c45030_0;
E_0x1bf4c20 .event posedge, v0x1c44f90_0;
S_0x1c21410 .scope module, "one_Period" "one_Period" 2 6;
 .timescale 0 0;
v0x1c49ff0_0 .net *"_s0", 1 0, C4<01>; 1 drivers
v0x1c4a070_0 .net "clk", 0 0, C4<z>; 0 drivers
v0x1c4a0f0_0 .var "cs", 1 0;
v0x1c4a170_0 .net "in", 0 0, C4<z>; 0 drivers
v0x1c4a1f0_0 .var "ns", 1 0;
v0x1c4a270_0 .net "out", 0 0, L_0x1c4ba10; 1 drivers
v0x1c4a2f0_0 .net "reset", 0 0, C4<z>; 0 drivers
E_0x1c47be0 .event edge, v0x1c4a170_0, v0x1c4a0f0_0;
E_0x1c47bb0 .event posedge, v0x1c4a070_0;
L_0x1c4ba10 .cmp/eq 2, v0x1c4a0f0_0, C4<01>;
S_0x1bee630 .scope module, "sync" "sync" 2 35;
 .timescale 0 0;
v0x1c4a370_0 .var "c", 0 0;
v0x1c4a430_0 .net "clk", 0 0, C4<z>; 0 drivers
v0x1c4a4d0_0 .net "in", 0 0, C4<z>; 0 drivers
v0x1c4a570_0 .var "out", 0 0;
v0x1c4a5f0_0 .net "reset", 0 0, C4<z>; 0 drivers
E_0x1c46810 .event posedge, v0x1c4a430_0;
    .scope S_0x1c48110;
T_0 ;
    %wait E_0x1c486a0;
    %load/v 8, v0x1c48ec0_0, 1;
    %jmp/0xz  T_0.0, 8;
    %ix/load 0, 4, 0;
    %assign/v0 v0x1c48da0_0, 0, 0;
    %jmp T_0.1;
T_0.0 ;
    %load/v 8, v0x1c48e20_0, 4;
    %ix/load 0, 4, 0;
    %assign/v0 v0x1c48da0_0, 0, 8;
T_0.1 ;
    %jmp T_0;
    .thread T_0;
    .scope S_0x1c48110;
T_1 ;
    %wait E_0x1c461e0;
    %load/v 8, v0x1c48b50_0, 1;
    %load/v 9, v0x1c489f0_0, 1;
    %load/v 10, v0x1c48ca0_0, 1;
    %load/v 11, v0x1c48da0_0, 4;
    %mov 15, 2, 2;
    %movi 17, 0, 5;
    %cmp/x 8, 15, 7;
    %jmp/1 T_1.0, 4;
    %mov 22, 2, 2;
    %movi 24, 1, 5;
    %cmp/x 8, 22, 7;
    %jmp/1 T_1.1, 4;
    %mov 29, 2, 2;
    %movi 31, 2, 5;
    %cmp/x 8, 29, 7;
    %jmp/1 T_1.2, 4;
    %mov 36, 2, 2;
    %movi 38, 3, 5;
    %cmp/x 8, 36, 7;
    %jmp/1 T_1.3, 4;
    %mov 43, 2, 2;
    %movi 45, 4, 5;
    %cmp/x 8, 43, 7;
    %jmp/1 T_1.4, 4;
    %mov 50, 2, 2;
    %movi 52, 5, 5;
    %cmp/x 8, 50, 7;
    %jmp/1 T_1.5, 4;
    %mov 57, 2, 2;
    %movi 59, 6, 5;
    %cmp/x 8, 57, 7;
    %jmp/1 T_1.6, 4;
    %mov 64, 2, 2;
    %movi 66, 7, 5;
    %cmp/x 8, 64, 7;
    %jmp/1 T_1.7, 4;
    %mov 71, 2, 2;
    %movi 73, 8, 5;
    %cmp/x 8, 71, 7;
    %jmp/1 T_1.8, 4;
    %mov 78, 2, 2;
    %movi 80, 9, 5;
    %cmp/x 8, 78, 7;
    %jmp/1 T_1.9, 4;
    %mov 85, 2, 2;
    %movi 87, 10, 5;
    %cmp/x 8, 85, 7;
    %jmp/1 T_1.10, 4;
    %mov 92, 2, 2;
    %movi 94, 11, 5;
    %cmp/x 8, 92, 7;
    %jmp/1 T_1.11, 4;
    %movi 99, 0, 1;
    %mov 100, 2, 2;
    %movi 102, 6, 4;
    %cmp/x 8, 99, 7;
    %jmp/1 T_1.12, 4;
    %movi 106, 1, 1;
    %mov 107, 2, 2;
    %movi 109, 6, 4;
    %cmp/x 8, 106, 7;
    %jmp/1 T_1.13, 4;
    %mov 113, 2, 1;
    %movi 114, 0, 1;
    %mov 115, 2, 1;
    %movi 116, 7, 4;
    %cmp/x 8, 113, 7;
    %jmp/1 T_1.14, 4;
    %mov 120, 2, 1;
    %movi 121, 1, 1;
    %mov 122, 2, 1;
    %movi 123, 7, 4;
    %cmp/x 8, 120, 7;
    %jmp/1 T_1.15, 4;
    %mov 127, 2, 1;
    %movi 128, 0, 1;
    %mov 129, 2, 1;
    %movi 130, 8, 4;
    %cmp/x 8, 127, 7;
    %jmp/1 T_1.16, 4;
    %mov 134, 2, 1;
    %movi 135, 1, 1;
    %mov 136, 2, 1;
    %movi 137, 8, 4;
    %cmp/x 8, 134, 7;
    %jmp/1 T_1.17, 4;
    %mov 141, 2, 1;
    %movi 142, 0, 1;
    %mov 143, 2, 1;
    %movi 144, 9, 4;
    %cmp/x 8, 141, 7;
    %jmp/1 T_1.18, 4;
    %mov 148, 2, 1;
    %movi 149, 1, 1;
    %mov 150, 2, 1;
    %movi 151, 9, 4;
    %cmp/x 8, 148, 7;
    %jmp/1 T_1.19, 4;
    %mov 155, 2, 1;
    %movi 156, 0, 1;
    %mov 157, 2, 1;
    %movi 158, 10, 4;
    %cmp/x 8, 155, 7;
    %jmp/1 T_1.20, 4;
    %mov 162, 2, 1;
    %movi 163, 1, 1;
    %mov 164, 2, 1;
    %movi 165, 10, 4;
    %cmp/x 8, 162, 7;
    %jmp/1 T_1.21, 4;
    %set/v v0x1c48e20_0, 0, 4;
    %jmp T_1.23;
T_1.0 ;
    %set/v v0x1c48e20_0, 0, 4;
    %jmp T_1.23;
T_1.1 ;
    %movi 8, 1, 4;
    %set/v v0x1c48e20_0, 8, 4;
    %jmp T_1.23;
T_1.2 ;
    %movi 8, 3, 4;
    %set/v v0x1c48e20_0, 8, 4;
    %jmp T_1.23;
T_1.3 ;
    %movi 8, 2, 4;
    %set/v v0x1c48e20_0, 8, 4;
    %jmp T_1.23;
T_1.4 ;
    %movi 8, 3, 4;
    %set/v v0x1c48e20_0, 8, 4;
    %jmp T_1.23;
T_1.5 ;
    %movi 8, 2, 4;
    %set/v v0x1c48e20_0, 8, 4;
    %jmp T_1.23;
T_1.6 ;
    %movi 8, 3, 4;
    %set/v v0x1c48e20_0, 8, 4;
    %jmp T_1.23;
T_1.7 ;
    %movi 8, 4, 4;
    %set/v v0x1c48e20_0, 8, 4;
    %jmp T_1.23;
T_1.8 ;
    %movi 8, 6, 4;
    %set/v v0x1c48e20_0, 8, 4;
    %jmp T_1.23;
T_1.9 ;
    %movi 8, 5, 4;
    %set/v v0x1c48e20_0, 8, 4;
    %jmp T_1.23;
T_1.10 ;
    %movi 8, 6, 4;
    %set/v v0x1c48e20_0, 8, 4;
    %jmp T_1.23;
T_1.11 ;
    %movi 8, 5, 4;
    %set/v v0x1c48e20_0, 8, 4;
    %jmp T_1.23;
T_1.12 ;
    %movi 8, 6, 4;
    %set/v v0x1c48e20_0, 8, 4;
    %jmp T_1.23;
T_1.13 ;
    %movi 8, 7, 4;
    %set/v v0x1c48e20_0, 8, 4;
    %jmp T_1.23;
T_1.14 ;
    %movi 8, 7, 4;
    %set/v v0x1c48e20_0, 8, 4;
    %jmp T_1.23;
T_1.15 ;
    %movi 8, 8, 4;
    %set/v v0x1c48e20_0, 8, 4;
    %jmp T_1.23;
T_1.16 ;
    %movi 8, 9, 4;
    %set/v v0x1c48e20_0, 8, 4;
    %jmp T_1.23;
T_1.17 ;
    %movi 8, 8, 4;
    %set/v v0x1c48e20_0, 8, 4;
    %jmp T_1.23;
T_1.18 ;
    %movi 8, 9, 4;
    %set/v v0x1c48e20_0, 8, 4;
    %jmp T_1.23;
T_1.19 ;
    %movi 8, 10, 4;
    %set/v v0x1c48e20_0, 8, 4;
    %jmp T_1.23;
T_1.20 ;
    %set/v v0x1c48e20_0, 0, 4;
    %jmp T_1.23;
T_1.21 ;
    %movi 8, 10, 4;
    %set/v v0x1c48e20_0, 8, 4;
    %jmp T_1.23;
T_1.23 ;
    %jmp T_1;
    .thread T_1, $push;
    .scope S_0x1c48110;
T_2 ;
    %wait E_0x1c46570;
    %load/v 8, v0x1c48da0_0, 4;
    %cmpi/u 8, 0, 4;
    %jmp/1 T_2.0, 6;
    %cmpi/u 8, 1, 4;
    %jmp/1 T_2.1, 6;
    %cmpi/u 8, 2, 4;
    %jmp/1 T_2.2, 6;
    %cmpi/u 8, 3, 4;
    %jmp/1 T_2.3, 6;
    %cmpi/u 8, 4, 4;
    %jmp/1 T_2.4, 6;
    %cmpi/u 8, 5, 4;
    %jmp/1 T_2.5, 6;
    %cmpi/u 8, 6, 4;
    %jmp/1 T_2.6, 6;
    %cmpi/u 8, 7, 4;
    %jmp/1 T_2.7, 6;
    %cmpi/u 8, 8, 4;
    %jmp/1 T_2.8, 6;
    %cmpi/u 8, 9, 4;
    %jmp/1 T_2.9, 6;
    %cmpi/u 8, 10, 4;
    %jmp/1 T_2.10, 6;
    %jmp T_2.11;
T_2.0 ;
    %set/v v0x1c487b0_0, 0, 1;
    %set/v v0x1c486f0_0, 0, 1;
    %set/v v0x1c48a70_0, 0, 1;
    %set/v v0x1c48bd0_0, 0, 1;
    %set/v v0x1c48920_0, 0, 1;
    %set/v v0x1c48850_0, 0, 1;
    %jmp T_2.11;
T_2.1 ;
    %movi 8, 32, 6;
    %set/v v0x1c487b0_0, 8, 1;
    %set/v v0x1c486f0_0, 9, 1;
    %set/v v0x1c48a70_0, 10, 1;
    %set/v v0x1c48bd0_0, 11, 1;
    %set/v v0x1c48920_0, 12, 1;
    %set/v v0x1c48850_0, 13, 1;
    %jmp T_2.11;
T_2.2 ;
    %set/v v0x1c487b0_0, 0, 1;
    %set/v v0x1c486f0_0, 0, 1;
    %set/v v0x1c48a70_0, 0, 1;
    %set/v v0x1c48bd0_0, 0, 1;
    %set/v v0x1c48920_0, 0, 1;
    %set/v v0x1c48850_0, 0, 1;
    %jmp T_2.11;
T_2.3 ;
    %set/v v0x1c487b0_0, 0, 1;
    %set/v v0x1c486f0_0, 0, 1;
    %set/v v0x1c48a70_0, 0, 1;
    %set/v v0x1c48bd0_0, 0, 1;
    %set/v v0x1c48920_0, 0, 1;
    %set/v v0x1c48850_0, 0, 1;
    %jmp T_2.11;
T_2.4 ;
    %movi 8, 16, 6;
    %set/v v0x1c487b0_0, 8, 1;
    %set/v v0x1c486f0_0, 9, 1;
    %set/v v0x1c48a70_0, 10, 1;
    %set/v v0x1c48bd0_0, 11, 1;
    %set/v v0x1c48920_0, 12, 1;
    %set/v v0x1c48850_0, 13, 1;
    %jmp T_2.11;
T_2.5 ;
    %set/v v0x1c487b0_0, 0, 1;
    %set/v v0x1c486f0_0, 0, 1;
    %set/v v0x1c48a70_0, 0, 1;
    %set/v v0x1c48bd0_0, 0, 1;
    %set/v v0x1c48920_0, 0, 1;
    %set/v v0x1c48850_0, 0, 1;
    %jmp T_2.11;
T_2.6 ;
    %movi 8, 8, 6;
    %set/v v0x1c487b0_0, 8, 1;
    %set/v v0x1c486f0_0, 9, 1;
    %set/v v0x1c48a70_0, 10, 1;
    %set/v v0x1c48bd0_0, 11, 1;
    %set/v v0x1c48920_0, 12, 1;
    %set/v v0x1c48850_0, 13, 1;
    %jmp T_2.11;
T_2.7 ;
    %movi 8, 12, 6;
    %set/v v0x1c487b0_0, 8, 1;
    %set/v v0x1c486f0_0, 9, 1;
    %set/v v0x1c48a70_0, 10, 1;
    %set/v v0x1c48bd0_0, 11, 1;
    %set/v v0x1c48920_0, 12, 1;
    %set/v v0x1c48850_0, 13, 1;
    %jmp T_2.11;
T_2.8 ;
    %movi 8, 14, 6;
    %set/v v0x1c487b0_0, 8, 1;
    %set/v v0x1c486f0_0, 9, 1;
    %set/v v0x1c48a70_0, 10, 1;
    %set/v v0x1c48bd0_0, 11, 1;
    %set/v v0x1c48920_0, 12, 1;
    %set/v v0x1c48850_0, 13, 1;
    %jmp T_2.11;
T_2.9 ;
    %movi 8, 12, 6;
    %set/v v0x1c487b0_0, 8, 1;
    %set/v v0x1c486f0_0, 9, 1;
    %set/v v0x1c48a70_0, 10, 1;
    %set/v v0x1c48bd0_0, 11, 1;
    %set/v v0x1c48920_0, 12, 1;
    %set/v v0x1c48850_0, 13, 1;
    %jmp T_2.11;
T_2.10 ;
    %movi 8, 13, 6;
    %set/v v0x1c487b0_0, 8, 1;
    %set/v v0x1c486f0_0, 9, 1;
    %set/v v0x1c48a70_0, 10, 1;
    %set/v v0x1c48bd0_0, 11, 1;
    %set/v v0x1c48920_0, 12, 1;
    %set/v v0x1c48850_0, 13, 1;
    %jmp T_2.11;
T_2.11 ;
    %jmp T_2;
    .thread T_2, $push;
    .scope S_0x1c46a40;
T_3 ;
    %wait E_0x1bf4c20;
    %load/v 8, v0x1c46e00_0, 1;
    %jmp/0xz  T_3.0, 8;
    %ix/load 0, 16, 0;
    %assign/v0 v0x1c46d00_0, 0, 0;
    %jmp T_3.1;
T_3.0 ;
    %load/v 8, v0x1c46d80_0, 1;
    %jmp/0xz  T_3.2, 8;
    %load/v 8, v0x1c46c60_0, 8;
    %mov 16, 0, 8;
    %ix/load 0, 16, 0;
    %assign/v0 v0x1c46d00_0, 0, 8;
    %jmp T_3.3;
T_3.2 ;
    %load/v 8, v0x1c46e80_0, 1;
    %jmp/0xz  T_3.4, 8;
    %load/v 8, v0x1c46d00_0, 16;
    %ix/load 0, 1, 0;
    %mov 4, 0, 1;
    %shiftl/i0  8, 16;
    %ix/load 0, 16, 0;
    %assign/v0 v0x1c46d00_0, 0, 8;
T_3.4 ;
T_3.3 ;
T_3.1 ;
    %jmp T_3;
    .thread T_3;
    .scope S_0x1c465a0;
T_4 ;
    %wait E_0x1bf4c20;
    %load/v 8, v0x1c468f0_0, 1;
    %jmp/0xz  T_4.0, 8;
    %ix/load 0, 16, 0;
    %assign/v0 v0x1c46790_0, 0, 0;
    %jmp T_4.1;
T_4.0 ;
    %load/v 8, v0x1c46840_0, 1;
    %jmp/0xz  T_4.2, 8;
    %load/v 8, v0x1c46710_0, 8;
    %mov 16, 0, 8;
    %ix/load 0, 16, 0;
    %assign/v0 v0x1c46790_0, 0, 8;
    %jmp T_4.3;
T_4.2 ;
    %load/v 8, v0x1c469c0_0, 1;
    %jmp/0xz  T_4.4, 8;
    %load/v 8, v0x1c46790_0, 16;
    %ix/load 0, 1, 0;
    %mov 4, 0, 1;
    %shiftl/i0  8, 16;
    %ix/load 0, 16, 0;
    %assign/v0 v0x1c46790_0, 0, 8;
T_4.4 ;
T_4.3 ;
T_4.1 ;
    %jmp T_4;
    .thread T_4;
    .scope S_0x1c45b50;
T_5 ;
    %wait E_0x1bf4c20;
    %load/v 8, v0x1c45ea0_0, 1;
    %jmp/0xz  T_5.0, 8;
    %ix/load 0, 16, 0;
    %assign/v0 v0x1c45d80_0, 0, 0;
    %jmp T_5.1;
T_5.0 ;
    %load/v 8, v0x1c45e20_0, 1;
    %jmp/0xz  T_5.2, 8;
    %load/v 8, v0x1c45ce0_0, 16;
    %ix/load 0, 16, 0;
    %assign/v0 v0x1c45d80_0, 0, 8;
T_5.2 ;
T_5.1 ;
    %jmp T_5;
    .thread T_5;
    .scope S_0x1c452a0;
T_6 ;
    %wait E_0x1bf4c20;
    %load/v 8, v0x1c45ab0_0, 1;
    %jmp/0xz  T_6.0, 8;
    %ix/load 0, 3, 0;
    %assign/v0 v0x1c45910_0, 0, 0;
    %jmp T_6.1;
T_6.0 ;
    %load/v 8, v0x1c459b0_0, 1;
    %jmp/0xz  T_6.2, 8;
    %load/v 8, v0x1c45910_0, 3;
    %mov 11, 0, 29;
    %addi 8, 1, 32;
    %ix/load 0, 3, 0;
    %assign/v0 v0x1c45910_0, 0, 8;
T_6.2 ;
T_6.1 ;
    %jmp T_6;
    .thread T_6;
    .scope S_0x1bed660;
T_7 ;
    %wait E_0x1bf4c20;
    %load/v 8, v0x1c45110_0, 5;
    %ix/load 0, 5, 0;
    %assign/v0 v0x1c45030_0, 0, 8;
    %jmp T_7;
    .thread T_7;
    .scope S_0x1bed660;
T_8 ;
    %wait E_0x1bf3c50;
    %load/v 8, v0x1c44ee0_0, 5;
    %load/v 13, v0x1c44e40_0, 1;
    %load/v 14, v0x1c45030_0, 5;
    %mov 19, 2, 5;
    %movi 24, 0, 6;
    %cmp/x 8, 19, 11;
    %jmp/1 T_8.0, 4;
    %mov 30, 2, 5;
    %movi 35, 1, 6;
    %cmp/x 8, 30, 11;
    %jmp/1 T_8.1, 4;
    %mov 41, 2, 6;
    %movi 47, 1, 5;
    %cmp/x 8, 41, 11;
    %jmp/1 T_8.2, 4;
    %mov 52, 2, 4;
    %movi 56, 0, 1;
    %mov 57, 2, 1;
    %movi 58, 2, 5;
    %cmp/x 8, 52, 11;
    %jmp/1 T_8.3, 4;
    %mov 63, 2, 4;
    %movi 67, 1, 1;
    %mov 68, 2, 1;
    %movi 69, 2, 5;
    %cmp/x 8, 63, 11;
    %jmp/1 T_8.4, 4;
    %mov 74, 2, 3;
    %movi 77, 0, 1;
    %mov 78, 2, 2;
    %movi 80, 3, 5;
    %cmp/x 8, 74, 11;
    %jmp/1 T_8.5, 4;
    %mov 85, 2, 3;
    %movi 88, 1, 1;
    %mov 89, 2, 2;
    %movi 91, 3, 5;
    %cmp/x 8, 85, 11;
    %jmp/1 T_8.6, 4;
    %mov 96, 2, 6;
    %movi 102, 4, 5;
    %cmp/x 8, 96, 11;
    %jmp/1 T_8.7, 4;
    %mov 107, 2, 2;
    %movi 109, 0, 1;
    %mov 110, 2, 3;
    %movi 113, 5, 5;
    %cmp/x 8, 107, 11;
    %jmp/1 T_8.8, 4;
    %mov 118, 2, 2;
    %movi 120, 1, 1;
    %mov 121, 2, 3;
    %movi 124, 5, 5;
    %cmp/x 8, 118, 11;
    %jmp/1 T_8.9, 4;
    %mov 129, 2, 6;
    %movi 135, 6, 5;
    %cmp/x 8, 129, 11;
    %jmp/1 T_8.10, 4;
    %mov 140, 2, 6;
    %movi 146, 6, 5;
    %cmp/x 8, 140, 11;
    %jmp/1 T_8.11, 4;
    %mov 151, 2, 1;
    %movi 152, 0, 1;
    %mov 153, 2, 4;
    %movi 157, 8, 5;
    %cmp/x 8, 151, 11;
    %jmp/1 T_8.12, 4;
    %mov 162, 2, 1;
    %movi 163, 1, 1;
    %mov 164, 2, 4;
    %movi 168, 8, 5;
    %cmp/x 8, 162, 11;
    %jmp/1 T_8.13, 4;
    %mov 173, 2, 6;
    %movi 179, 9, 5;
    %cmp/x 8, 173, 11;
    %jmp/1 T_8.14, 4;
    %mov 184, 2, 6;
    %movi 190, 10, 5;
    %cmp/x 8, 184, 11;
    %jmp/1 T_8.15, 4;
    %movi 195, 0, 1;
    %mov 196, 2, 5;
    %movi 201, 11, 5;
    %cmp/x 8, 195, 11;
    %jmp/1 T_8.16, 4;
    %movi 206, 1, 1;
    %mov 207, 2, 5;
    %movi 212, 11, 5;
    %cmp/x 8, 206, 11;
    %jmp/1 T_8.17, 4;
    %mov 217, 2, 6;
    %movi 223, 12, 5;
    %cmp/x 8, 217, 11;
    %jmp/1 T_8.18, 4;
    %mov 228, 2, 6;
    %movi 234, 13, 5;
    %cmp/x 8, 228, 11;
    %jmp/1 T_8.19, 4;
    %mov 239, 2, 5;
    %movi 244, 29, 6;
    %cmp/x 8, 239, 11;
    %jmp/1 T_8.20, 4;
    %mov 250, 2, 5;
    %movi 255, 28, 6;
    %cmp/x 8, 250, 11;
    %jmp/1 T_8.21, 4;
    %mov 261, 2, 6;
    %movi 267, 15, 5;
    %cmp/x 8, 261, 11;
    %jmp/1 T_8.22, 4;
    %mov 272, 2, 2;
    %movi 274, 0, 1;
    %mov 275, 2, 3;
    %movi 278, 16, 5;
    %cmp/x 8, 272, 11;
    %jmp/1 T_8.23, 4;
    %mov 283, 2, 2;
    %movi 285, 1, 1;
    %mov 286, 2, 3;
    %movi 289, 16, 5;
    %cmp/x 8, 283, 11;
    %jmp/1 T_8.24, 4;
    %mov 294, 2, 6;
    %movi 300, 17, 5;
    %cmp/x 8, 294, 11;
    %jmp/1 T_8.25, 4;
    %mov 305, 2, 6;
    %movi 311, 18, 5;
    %cmp/x 8, 305, 11;
    %jmp/1 T_8.26, 4;
    %mov 316, 2, 1;
    %movi 317, 0, 1;
    %mov 318, 2, 4;
    %movi 322, 19, 5;
    %cmp/x 8, 316, 11;
    %jmp/1 T_8.27, 4;
    %mov 327, 2, 1;
    %movi 328, 1, 1;
    %mov 329, 2, 3;
    %movi 332, 38, 6;
    %cmp/x 8, 327, 11;
    %jmp/1 T_8.28, 4;
    %mov 338, 2, 6;
    %movi 344, 20, 5;
    %cmp/x 8, 338, 11;
    %jmp/1 T_8.29, 4;
    %mov 349, 2, 3;
    %movi 352, 0, 1;
    %mov 353, 2, 2;
    %movi 355, 21, 5;
    %cmp/x 8, 349, 11;
    %jmp/1 T_8.30, 4;
    %mov 360, 2, 3;
    %movi 363, 1, 1;
    %mov 364, 2, 2;
    %movi 366, 21, 5;
    %cmp/x 8, 360, 11;
    %jmp/1 T_8.31, 4;
    %mov 371, 2, 6;
    %movi 377, 22, 5;
    %cmp/x 8, 371, 11;
    %jmp/1 T_8.32, 4;
    %movi 382, 0, 1;
    %mov 383, 2, 5;
    %movi 388, 23, 5;
    %cmp/x 8, 382, 11;
    %jmp/1 T_8.33, 4;
    %movi 393, 1, 1;
    %mov 394, 2, 5;
    %movi 399, 23, 5;
    %cmp/x 8, 393, 11;
    %jmp/1 T_8.34, 4;
    %movi 404, 0, 1;
    %mov 405, 2, 5;
    %movi 410, 24, 5;
    %cmp/x 8, 404, 11;
    %jmp/1 T_8.35, 4;
    %set/v v0x1c45110_0, 0, 5;
    %jmp T_8.37;
T_8.0 ;
    %set/v v0x1c45110_0, 0, 5;
    %jmp T_8.37;
T_8.1 ;
    %movi 8, 1, 5;
    %set/v v0x1c45110_0, 8, 5;
    %jmp T_8.37;
T_8.2 ;
    %movi 8, 2, 5;
    %set/v v0x1c45110_0, 8, 5;
    %jmp T_8.37;
T_8.3 ;
    %movi 8, 3, 5;
    %set/v v0x1c45110_0, 8, 5;
    %jmp T_8.37;
T_8.4 ;
    %movi 8, 20, 5;
    %set/v v0x1c45110_0, 8, 5;
    %jmp T_8.37;
T_8.5 ;
    %movi 8, 4, 5;
    %set/v v0x1c45110_0, 8, 5;
    %jmp T_8.37;
T_8.6 ;
    %movi 8, 14, 5;
    %set/v v0x1c45110_0, 8, 5;
    %jmp T_8.37;
T_8.7 ;
    %movi 8, 5, 5;
    %set/v v0x1c45110_0, 8, 5;
    %jmp T_8.37;
T_8.8 ;
    %movi 8, 4, 5;
    %set/v v0x1c45110_0, 8, 5;
    %jmp T_8.37;
T_8.9 ;
    %movi 8, 6, 5;
    %set/v v0x1c45110_0, 8, 5;
    %jmp T_8.37;
T_8.10 ;
    %movi 8, 7, 5;
    %set/v v0x1c45110_0, 8, 5;
    %jmp T_8.37;
T_8.11 ;
    %movi 8, 8, 5;
    %set/v v0x1c45110_0, 8, 5;
    %jmp T_8.37;
T_8.12 ;
    %movi 8, 7, 5;
    %set/v v0x1c45110_0, 8, 5;
    %jmp T_8.37;
T_8.13 ;
    %movi 8, 9, 5;
    %set/v v0x1c45110_0, 8, 5;
    %jmp T_8.37;
T_8.14 ;
    %movi 8, 10, 5;
    %set/v v0x1c45110_0, 8, 5;
    %jmp T_8.37;
T_8.15 ;
    %movi 8, 11, 5;
    %set/v v0x1c45110_0, 8, 5;
    %jmp T_8.37;
T_8.16 ;
    %movi 8, 10, 5;
    %set/v v0x1c45110_0, 8, 5;
    %jmp T_8.37;
T_8.17 ;
    %movi 8, 12, 5;
    %set/v v0x1c45110_0, 8, 5;
    %jmp T_8.37;
T_8.18 ;
    %movi 8, 13, 5;
    %set/v v0x1c45110_0, 8, 5;
    %jmp T_8.37;
T_8.19 ;
    %movi 8, 14, 5;
    %set/v v0x1c45110_0, 8, 5;
    %jmp T_8.37;
T_8.20 ;
    %movi 8, 14, 5;
    %set/v v0x1c45110_0, 8, 5;
    %jmp T_8.37;
T_8.21 ;
    %set/v v0x1c45110_0, 0, 5;
    %jmp T_8.37;
T_8.22 ;
    %movi 8, 16, 5;
    %set/v v0x1c45110_0, 8, 5;
    %jmp T_8.37;
T_8.23 ;
    %movi 8, 15, 5;
    %set/v v0x1c45110_0, 8, 5;
    %jmp T_8.37;
T_8.24 ;
    %movi 8, 17, 5;
    %set/v v0x1c45110_0, 8, 5;
    %jmp T_8.37;
T_8.25 ;
    %movi 8, 18, 5;
    %set/v v0x1c45110_0, 8, 5;
    %jmp T_8.37;
T_8.26 ;
    %movi 8, 19, 5;
    %set/v v0x1c45110_0, 8, 5;
    %jmp T_8.37;
T_8.27 ;
    %movi 8, 18, 5;
    %set/v v0x1c45110_0, 8, 5;
    %jmp T_8.37;
T_8.28 ;
    %movi 8, 20, 5;
    %set/v v0x1c45110_0, 8, 5;
    %jmp T_8.37;
T_8.29 ;
    %movi 8, 13, 5;
    %set/v v0x1c45110_0, 8, 5;
    %jmp T_8.37;
T_8.30 ;
    %movi 8, 22, 5;
    %set/v v0x1c45110_0, 8, 5;
    %jmp T_8.37;
T_8.31 ;
    %movi 8, 13, 5;
    %set/v v0x1c45110_0, 8, 5;
    %jmp T_8.37;
T_8.32 ;
    %movi 8, 23, 5;
    %set/v v0x1c45110_0, 8, 5;
    %jmp T_8.37;
T_8.33 ;
    %movi 8, 22, 5;
    %set/v v0x1c45110_0, 8, 5;
    %jmp T_8.37;
T_8.34 ;
    %movi 8, 24, 5;
    %set/v v0x1c45110_0, 8, 5;
    %jmp T_8.37;
T_8.35 ;
    %movi 8, 13, 5;
    %set/v v0x1c45110_0, 8, 5;
    %jmp T_8.37;
T_8.37 ;
    %jmp T_8;
    .thread T_8, $push;
    .scope S_0x1bed660;
T_9 ;
    %wait E_0x1bf3370;
    %load/v 8, v0x1c45030_0, 5;
    %cmpi/u 8, 1, 5;
    %jmp/1 T_9.0, 6;
    %cmpi/u 8, 4, 5;
    %jmp/1 T_9.1, 6;
    %cmpi/u 8, 6, 5;
    %jmp/1 T_9.2, 6;
    %cmpi/u 8, 7, 5;
    %jmp/1 T_9.3, 6;
    %cmpi/u 8, 9, 5;
    %jmp/1 T_9.4, 6;
    %cmpi/u 8, 10, 5;
    %jmp/1 T_9.5, 6;
    %cmpi/u 8, 12, 5;
    %jmp/1 T_9.6, 6;
    %cmpi/u 8, 15, 5;
    %jmp/1 T_9.7, 6;
    %cmpi/u 8, 17, 5;
    %jmp/1 T_9.8, 6;
    %cmpi/u 8, 18, 5;
    %jmp/1 T_9.9, 6;
    %cmpi/u 8, 20, 5;
    %jmp/1 T_9.10, 6;
    %cmpi/u 8, 22, 5;
    %jmp/1 T_9.11, 6;
    %cmpi/u 8, 24, 5;
    %jmp/1 T_9.12, 6;
    %cmpi/u 8, 13, 5;
    %jmp/1 T_9.13, 6;
    %cmpi/u 8, 14, 5;
    %jmp/1 T_9.14, 6;
    %set/v v0x1c0a1b0_0, 0, 8;
    %set/v v0x1c44da0_0, 0, 1;
    %jmp T_9.16;
T_9.0 ;
    %movi 8, 128, 8;
    %set/v v0x1c0a1b0_0, 8, 8;
    %jmp T_9.16;
T_9.1 ;
    %movi 8, 34, 8;
    %set/v v0x1c0a1b0_0, 8, 8;
    %jmp T_9.16;
T_9.2 ;
    %movi 8, 4, 8;
    %set/v v0x1c0a1b0_0, 8, 8;
    %jmp T_9.16;
T_9.3 ;
    %movi 8, 34, 8;
    %set/v v0x1c0a1b0_0, 8, 8;
    %jmp T_9.16;
T_9.4 ;
    %movi 8, 4, 8;
    %set/v v0x1c0a1b0_0, 8, 8;
    %jmp T_9.16;
T_9.5 ;
    %movi 8, 10, 8;
    %set/v v0x1c0a1b0_0, 8, 8;
    %jmp T_9.16;
T_9.6 ;
    %movi 8, 5, 8;
    %set/v v0x1c0a1b0_0, 8, 8;
    %jmp T_9.16;
T_9.7 ;
    %movi 8, 34, 8;
    %set/v v0x1c0a1b0_0, 8, 8;
    %jmp T_9.16;
T_9.8 ;
    %movi 8, 4, 8;
    %set/v v0x1c0a1b0_0, 8, 8;
    %jmp T_9.16;
T_9.9 ;
    %movi 8, 34, 8;
    %set/v v0x1c0a1b0_0, 8, 8;
    %jmp T_9.16;
T_9.10 ;
    %movi 8, 4, 8;
    %set/v v0x1c0a1b0_0, 8, 8;
    %jmp T_9.16;
T_9.11 ;
    %movi 8, 10, 8;
    %set/v v0x1c0a1b0_0, 8, 8;
    %jmp T_9.16;
T_9.12 ;
    %movi 8, 5, 8;
    %set/v v0x1c0a1b0_0, 8, 8;
    %jmp T_9.16;
T_9.13 ;
    %set/v v0x1c0a1b0_0, 0, 8;
    %set/v v0x1c44da0_0, 0, 1;
    %jmp T_9.16;
T_9.14 ;
    %movi 8, 128, 8;
    %set/v v0x1c0a1b0_0, 8, 8;
    %jmp T_9.16;
T_9.16 ;
    %jmp T_9;
    .thread T_9, $push;
    .scope S_0x1c21410;
T_10 ;
    %wait E_0x1c47bb0;
    %load/v 8, v0x1c4a2f0_0, 1;
    %jmp/0xz  T_10.0, 8;
    %ix/load 0, 2, 0;
    %assign/v0 v0x1c4a0f0_0, 0, 0;
    %jmp T_10.1;
T_10.0 ;
    %load/v 8, v0x1c4a1f0_0, 2;
    %ix/load 0, 2, 0;
    %assign/v0 v0x1c4a0f0_0, 0, 8;
T_10.1 ;
    %jmp T_10;
    .thread T_10;
    .scope S_0x1c21410;
T_11 ;
    %wait E_0x1c47be0;
    %load/v 8, v0x1c4a170_0, 1;
    %load/v 9, v0x1c4a0f0_0, 2;
    %cmp/x 8, 0, 3;
    %jmp/1 T_11.0, 4;
    %movi 11, 1, 3;
    %cmp/x 8, 11, 3;
    %jmp/1 T_11.1, 4;
    %movi 11, 2, 3;
    %cmp/x 8, 11, 3;
    %jmp/1 T_11.2, 4;
    %movi 11, 3, 3;
    %cmp/x 8, 11, 3;
    %jmp/1 T_11.3, 4;
    %movi 11, 4, 3;
    %cmp/x 8, 11, 3;
    %jmp/1 T_11.4, 4;
    %movi 11, 5, 3;
    %cmp/x 8, 11, 3;
    %jmp/1 T_11.5, 4;
    %set/v v0x1c4a1f0_0, 0, 2;
    %jmp T_11.7;
T_11.0 ;
    %set/v v0x1c4a1f0_0, 0, 2;
    %jmp T_11.7;
T_11.1 ;
    %movi 8, 1, 2;
    %set/v v0x1c4a1f0_0, 8, 2;
    %jmp T_11.7;
T_11.2 ;
    %set/v v0x1c4a1f0_0, 0, 2;
    %jmp T_11.7;
T_11.3 ;
    %movi 8, 2, 2;
    %set/v v0x1c4a1f0_0, 8, 2;
    %jmp T_11.7;
T_11.4 ;
    %set/v v0x1c4a1f0_0, 0, 2;
    %jmp T_11.7;
T_11.5 ;
    %movi 8, 2, 2;
    %set/v v0x1c4a1f0_0, 8, 2;
    %jmp T_11.7;
T_11.7 ;
    %jmp T_11;
    .thread T_11, $push;
    .scope S_0x1bee630;
T_12 ;
    %wait E_0x1c46810;
    %load/v 8, v0x1c4a5f0_0, 1;
    %jmp/0xz  T_12.0, 8;
    %ix/load 0, 1, 0;
    %assign/v0 v0x1c4a370_0, 0, 0;
    %ix/load 0, 1, 0;
    %assign/v0 v0x1c4a570_0, 0, 0;
    %jmp T_12.1;
T_12.0 ;
    %load/v 8, v0x1c4a4d0_0, 1;
    %ix/load 0, 1, 0;
    %assign/v0 v0x1c4a370_0, 0, 8;
    %load/v 8, v0x1c4a370_0, 1;
    %ix/load 0, 1, 0;
    %assign/v0 v0x1c4a570_0, 0, 8;
T_12.1 ;
    %jmp T_12;
    .thread T_12;
# The file index is used to find the file name in the following table.
:file_names 12;
    "N/A";
    "<interactive>";
    "design.sv";
    "./FSM_IF.sv";
    "./EEA.sv";
    "./RSHLX.sv";
    "./RSHLY.sv";
    "./MUX2_1.sv";
    "./SUM.sv";
    "./REGREZ.sv";
    "./COUNTERXY.sv";
    "./SECV.sv";
